<?xml version="1.0" encoding="UTF-8"?>
<testng-results ignored="0" total="1" passed="1" failed="0" skipped="0">
  <reporter-output>
  </reporter-output>
  <suite started-at="2025-05-11T14:19:25 IST" name="Default suite" finished-at="2025-05-11T14:19:42 IST" duration-ms="16475">
    <groups>
    </groups>
    <test started-at="2025-05-11T14:19:25 IST" name="Default test" finished-at="2025-05-11T14:19:42 IST" duration-ms="16475">
      <class name="testingbaba.TestingBaba">
        <test-method signature="launchUrl()[pri:0, instance:testingbaba.TestingBaba@55fe41ea]" started-at="2025-05-11T14:19:25 IST" name="launchUrl" finished-at="2025-05-11T14:19:42 IST" duration-ms="16359" status="PASS">
          <reporter-output>
          </reporter-output>
        </test-method> <!-- launchUrl -->
      </class> <!-- testingbaba.TestingBaba -->
    </test> <!-- Default test -->
  </suite> <!-- Default suite -->
</testng-results>
